nohup: ignoring input
Watching for file changes with StatReloader
Not Found: /
[03/Feb/2026 05:22:44] "GET / HTTP/1.1" 404 2789
Not Found: /favicon.ico
[03/Feb/2026 05:22:47] "GET /favicon.ico HTTP/1.1" 404 2840
[03/Feb/2026 05:23:55] "POST /api/users/login/ HTTP/1.1" 200 109
[03/Feb/2026 05:24:40] "OPTIONS /api/users/login/ HTTP/1.1" 200 0
[03/Feb/2026 05:24:41] "POST /api/users/login/ HTTP/1.1" 200 109
[03/Feb/2026 05:24:41] "GET /api/registrations/ HTTP/1.1" 200 20
[03/Feb/2026 05:24:41] "GET /api/tickets/ HTTP/1.1" 200 14
[03/Feb/2026 05:24:41] "GET /api/events/ HTTP/1.1" 200 13
[03/Feb/2026 05:24:41] "GET /api/users/ HTTP/1.1" 200 154
[03/Feb/2026 05:24:41] "GET /api/registrations/ HTTP/1.1" 200 20
[03/Feb/2026 05:24:41] "GET /api/events/ HTTP/1.1" 200 13
[03/Feb/2026 05:24:41] "GET /api/users/ HTTP/1.1" 200 154
[03/Feb/2026 05:24:41] "GET /api/tickets/ HTTP/1.1" 200 14
[03/Feb/2026 05:24:49] "GET /api/events/ HTTP/1.1" 200 13
[03/Feb/2026 05:24:49] "GET /api/events/ HTTP/1.1" 200 13
[03/Feb/2026 05:24:51] "GET /api/registrations/ HTTP/1.1" 200 20
[03/Feb/2026 05:24:51] "GET /api/events/ HTTP/1.1" 200 13
[03/Feb/2026 05:24:51] "GET /api/events/ HTTP/1.1" 200 13
[03/Feb/2026 05:24:51] "GET /api/registrations/ HTTP/1.1" 200 20
[03/Feb/2026 05:24:52] "GET /api/events/ HTTP/1.1" 200 13
[03/Feb/2026 05:24:52] "GET /api/events/ HTTP/1.1" 200 13
[03/Feb/2026 05:24:53] "GET /api/events/ HTTP/1.1" 200 13
[03/Feb/2026 05:24:53] "GET /api/events/ HTTP/1.1" 200 13
[03/Feb/2026 05:24:54] "GET /api/registrations/ HTTP/1.1" 200 20
[03/Feb/2026 05:24:54] "GET /api/events/ HTTP/1.1" 200 13
[03/Feb/2026 05:24:54] "GET /api/events/ HTTP/1.1" 200 13
[03/Feb/2026 05:24:54] "GET /api/registrations/ HTTP/1.1" 200 20
[03/Feb/2026 05:24:55] "GET /api/tickets/ HTTP/1.1" 200 14
[03/Feb/2026 05:24:55] "GET /api/registrations/ HTTP/1.1" 200 20
[03/Feb/2026 05:24:55] "GET /api/events/ HTTP/1.1" 200 13
[03/Feb/2026 05:24:55] "GET /api/users/ HTTP/1.1" 200 154
[03/Feb/2026 05:24:55] "GET /api/tickets/ HTTP/1.1" 200 14
[03/Feb/2026 05:24:55] "GET /api/registrations/ HTTP/1.1" 200 20
[03/Feb/2026 05:24:55] "GET /api/events/ HTTP/1.1" 200 13
[03/Feb/2026 05:24:55] "GET /api/users/ HTTP/1.1" 200 154
[03/Feb/2026 05:25:45] "GET /api/events/ HTTP/1.1" 200 13
[03/Feb/2026 05:25:45] "GET /api/events/ HTTP/1.1" 200 13
[03/Feb/2026 05:25:45] "GET /api/events/ HTTP/1.1" 200 13
[03/Feb/2026 05:25:45] "GET /api/events/ HTTP/1.1" 200 13
[03/Feb/2026 05:25:45] "GET /api/registrations/ HTTP/1.1" 200 20
[03/Feb/2026 05:25:45] "GET /api/registrations/ HTTP/1.1" 200 20
[03/Feb/2026 05:25:48] "GET /api/registrations/ HTTP/1.1" 200 20
[03/Feb/2026 05:25:48] "GET /api/events/ HTTP/1.1" 200 13
[03/Feb/2026 05:25:48] "GET /api/users/ HTTP/1.1" 200 154
[03/Feb/2026 05:25:48] "GET /api/tickets/ HTTP/1.1" 200 14
[03/Feb/2026 05:25:48] "GET /api/registrations/ HTTP/1.1" 200 20
[03/Feb/2026 05:25:48] "GET /api/events/ HTTP/1.1" 200 13
[03/Feb/2026 05:25:48] "GET /api/users/ HTTP/1.1" 200 154
[03/Feb/2026 05:25:48] "GET /api/tickets/ HTTP/1.1" 200 14
[03/Feb/2026 05:26:16] "GET /api/events/ HTTP/1.1" 200 13
[03/Feb/2026 05:26:16] "GET /api/events/ HTTP/1.1" 200 13
[03/Feb/2026 05:26:18] "GET /api/events/ HTTP/1.1" 200 13
[03/Feb/2026 05:26:18] "GET /api/tickets/ HTTP/1.1" 200 14
[03/Feb/2026 05:26:18] "GET /api/registrations/ HTTP/1.1" 200 20
[03/Feb/2026 05:26:18] "GET /api/users/ HTTP/1.1" 200 154
[03/Feb/2026 05:26:18] "GET /api/events/ HTTP/1.1" 200 13
[03/Feb/2026 05:26:18] "GET /api/registrations/ HTTP/1.1" 200 20
[03/Feb/2026 05:26:18] "GET /api/tickets/ HTTP/1.1" 200 14
[03/Feb/2026 05:26:18] "GET /api/users/ HTTP/1.1" 200 154
[03/Feb/2026 05:26:18] "GET /api/events/ HTTP/1.1" 200 13
[03/Feb/2026 05:26:18] "GET /api/registrations/ HTTP/1.1" 200 20
[03/Feb/2026 05:26:18] "GET /api/events/ HTTP/1.1" 200 13
[03/Feb/2026 05:26:18] "GET /api/registrations/ HTTP/1.1" 200 20
[03/Feb/2026 05:26:21] "GET /api/events/ HTTP/1.1" 200 13
[03/Feb/2026 05:26:21] "GET /api/events/ HTTP/1.1" 200 13
[03/Feb/2026 05:26:21] "GET /api/users/ HTTP/1.1" 200 154
[03/Feb/2026 05:26:21] "GET /api/events/ HTTP/1.1" 200 13
[03/Feb/2026 05:26:22] "GET /api/registrations/ HTTP/1.1" 200 20
[03/Feb/2026 05:26:22] "GET /api/tickets/ HTTP/1.1" 200 14
[03/Feb/2026 05:26:22] "GET /api/users/ HTTP/1.1" 200 154
[03/Feb/2026 05:26:22] "GET /api/events/ HTTP/1.1" 200 13
[03/Feb/2026 05:26:22] "GET /api/registrations/ HTTP/1.1" 200 20
[03/Feb/2026 05:26:22] "GET /api/tickets/ HTTP/1.1" 200 14
[03/Feb/2026 05:26:32] "POST /api/users/login/ HTTP/1.1" 200 108
[03/Feb/2026 05:26:32] "GET /api/events/ HTTP/1.1" 200 13
[03/Feb/2026 05:26:32] "GET /api/events/ HTTP/1.1" 200 13
[03/Feb/2026 05:26:34] "GET /api/registrations/ HTTP/1.1" 200 20
[03/Feb/2026 05:26:34] "GET /api/events/ HTTP/1.1" 200 13
[03/Feb/2026 05:26:34] "GET /api/events/ HTTP/1.1" 200 13
[03/Feb/2026 05:26:34] "GET /api/registrations/ HTTP/1.1" 200 20
[03/Feb/2026 05:26:35] "GET /api/tickets/ HTTP/1.1" 200 14
[03/Feb/2026 05:26:35] "GET /api/events/ HTTP/1.1" 200 13
[03/Feb/2026 05:26:35] "GET /api/tickets/ HTTP/1.1" 200 14
[03/Feb/2026 05:26:35] "GET /api/events/ HTTP/1.1" 200 13
[03/Feb/2026 05:27:10] "POST /api/users/login/ HTTP/1.1" 200 109
[03/Feb/2026 05:27:10] "GET /api/events/ HTTP/1.1" 200 13
[03/Feb/2026 05:27:10] "GET /api/registrations/ HTTP/1.1" 200 20
[03/Feb/2026 05:27:10] "GET /api/tickets/ HTTP/1.1" 200 14
[03/Feb/2026 05:27:10] "GET /api/users/ HTTP/1.1" 200 154
[03/Feb/2026 05:27:11] "GET /api/tickets/ HTTP/1.1" 200 14
[03/Feb/2026 05:27:11] "GET /api/registrations/ HTTP/1.1" 200 20
[03/Feb/2026 05:27:11] "GET /api/events/ HTTP/1.1" 200 13
[03/Feb/2026 05:27:11] "GET /api/users/ HTTP/1.1" 200 154
[03/Feb/2026 05:28:55] "GET /api/events/ HTTP/1.1" 200 13
[03/Feb/2026 05:28:55] "GET /api/registrations/ HTTP/1.1" 200 20
[03/Feb/2026 05:28:56] "GET /api/events/ HTTP/1.1" 200 13
[03/Feb/2026 05:28:57] "GET /api/registrations/ HTTP/1.1" 200 20
[03/Feb/2026 05:28:57] "GET /api/events/ HTTP/1.1" 200 13
[03/Feb/2026 05:28:57] "GET /api/events/ HTTP/1.1" 200 13
[03/Feb/2026 05:31:45] "GET /api/tickets/ HTTP/1.1" 200 14
[03/Feb/2026 05:31:45] "GET /api/events/ HTTP/1.1" 200 13
[03/Feb/2026 05:31:45] "GET /api/registrations/ HTTP/1.1" 200 20
[03/Feb/2026 05:31:45] "GET /api/registrations/ HTTP/1.1" 200 20
[03/Feb/2026 05:31:45] "GET /api/users/ HTTP/1.1" 200 154
[03/Feb/2026 05:31:45] "GET /api/events/ HTTP/1.1" 200 13
[03/Feb/2026 05:31:45] "GET /api/tickets/ HTTP/1.1" 200 14
[03/Feb/2026 05:31:45] "GET /api/users/ HTTP/1.1" 200 154
[03/Feb/2026 05:31:59] "POST /api/users/login/ HTTP/1.1" 200 108
[03/Feb/2026 05:31:59] "GET /api/events/ HTTP/1.1" 200 13
[03/Feb/2026 05:31:59] "POST /api/users/login/ HTTP/1.1" 200 108
[03/Feb/2026 05:31:59] "GET /api/events/ HTTP/1.1" 200 13
[03/Feb/2026 05:33:44] "GET /api/events/ HTTP/1.1" 200 13
[03/Feb/2026 05:33:44] "GET /api/events/ HTTP/1.1" 200 13
[03/Feb/2026 05:33:51] "GET /api/events/ HTTP/1.1" 200 13
[03/Feb/2026 05:33:51] "GET /api/registrations/ HTTP/1.1" 200 20
[03/Feb/2026 05:33:51] "GET /api/events/ HTTP/1.1" 200 13
[03/Feb/2026 05:33:52] "GET /api/registrations/ HTTP/1.1" 200 20
[03/Feb/2026 05:33:52] "GET /api/events/ HTTP/1.1" 200 13
[03/Feb/2026 05:33:52] "GET /api/tickets/ HTTP/1.1" 200 14
[03/Feb/2026 05:33:52] "GET /api/events/ HTTP/1.1" 200 13
[03/Feb/2026 05:33:52] "GET /api/tickets/ HTTP/1.1" 200 14
Bad Request: /api/users/login/
[03/Feb/2026 05:34:13] "POST /api/users/login/ HTTP/1.1" 400 45
[03/Feb/2026 05:34:20] "POST /api/users/login/ HTTP/1.1" 200 109
[03/Feb/2026 05:34:20] "GET /api/tickets/ HTTP/1.1" 200 14
[03/Feb/2026 05:34:20] "GET /api/registrations/ HTTP/1.1" 200 20
[03/Feb/2026 05:34:20] "GET /api/events/ HTTP/1.1" 200 13
[03/Feb/2026 05:34:20] "GET /api/tickets/ HTTP/1.1" 200 14
[03/Feb/2026 05:34:20] "GET /api/users/ HTTP/1.1" 200 154
[03/Feb/2026 05:34:20] "GET /api/registrations/ HTTP/1.1" 200 20
[03/Feb/2026 05:34:20] "GET /api/events/ HTTP/1.1" 200 13
[03/Feb/2026 05:34:20] "GET /api/users/ HTTP/1.1" 200 154
[03/Feb/2026 05:34:26] "GET /api/events/ HTTP/1.1" 200 13
[03/Feb/2026 05:34:26] "GET /api/events/ HTTP/1.1" 200 13
[03/Feb/2026 05:34:29] "GET /api/events/ HTTP/1.1" 200 13
[03/Feb/2026 05:34:29] "GET /api/registrations/ HTTP/1.1" 200 20
[03/Feb/2026 05:34:29] "GET /api/events/ HTTP/1.1" 200 13
[03/Feb/2026 05:34:29] "GET /api/registrations/ HTTP/1.1" 200 20
[03/Feb/2026 05:34:30] "GET /api/events/ HTTP/1.1" 200 13
[03/Feb/2026 05:34:30] "GET /api/events/ HTTP/1.1" 200 13
[03/Feb/2026 05:34:43] "OPTIONS /api/events/ HTTP/1.1" 200 0
Bad Request: /api/events/
[03/Feb/2026 05:34:43] "POST /api/events/ HTTP/1.1" 400 45
[03/Feb/2026 05:34:46] "POST /api/events/ HTTP/1.1" 201 85
[03/Feb/2026 05:34:48] "GET /api/events/ HTTP/1.1" 200 98
[03/Feb/2026 05:35:03] "POST /api/users/login/ HTTP/1.1" 200 108
[03/Feb/2026 05:35:03] "GET /api/events/ HTTP/1.1" 200 98
[03/Feb/2026 05:35:03] "GET /api/events/ HTTP/1.1" 200 98
[03/Feb/2026 05:35:10] "GET /api/registrations/ HTTP/1.1" 200 20
[03/Feb/2026 05:35:10] "GET /api/events/ HTTP/1.1" 200 98
[03/Feb/2026 05:35:10] "GET /api/registrations/ HTTP/1.1" 200 20
[03/Feb/2026 05:35:10] "GET /api/events/ HTTP/1.1" 200 98
[03/Feb/2026 05:35:12] "GET /api/events/ HTTP/1.1" 200 98
[03/Feb/2026 05:35:12] "GET /api/events/ HTTP/1.1" 200 98
[03/Feb/2026 05:35:14] "GET /api/registrations/ HTTP/1.1" 200 20
[03/Feb/2026 05:35:14] "GET /api/events/ HTTP/1.1" 200 98
[03/Feb/2026 05:35:14] "GET /api/registrations/ HTTP/1.1" 200 20
[03/Feb/2026 05:35:14] "GET /api/events/ HTTP/1.1" 200 98
[03/Feb/2026 05:35:16] "GET /api/events/ HTTP/1.1" 200 98
[03/Feb/2026 05:35:16] "GET /api/events/ HTTP/1.1" 200 98
[03/Feb/2026 05:35:18] "GET /api/events/ HTTP/1.1" 200 98
[03/Feb/2026 05:35:18] "GET /api/registrations/ HTTP/1.1" 200 20
[03/Feb/2026 05:35:18] "GET /api/registrations/ HTTP/1.1" 200 20
[03/Feb/2026 05:35:18] "GET /api/events/ HTTP/1.1" 200 98
[03/Feb/2026 05:35:20] "GET /api/tickets/ HTTP/1.1" 200 14
[03/Feb/2026 05:35:20] "GET /api/events/ HTTP/1.1" 200 98
[03/Feb/2026 05:35:20] "GET /api/tickets/ HTTP/1.1" 200 14
[03/Feb/2026 05:35:20] "GET /api/events/ HTTP/1.1" 200 98
[03/Feb/2026 05:35:21] "GET /api/registrations/ HTTP/1.1" 200 20
[03/Feb/2026 05:35:21] "GET /api/events/ HTTP/1.1" 200 98
[03/Feb/2026 05:35:21] "GET /api/registrations/ HTTP/1.1" 200 20
[03/Feb/2026 05:35:21] "GET /api/events/ HTTP/1.1" 200 98
[03/Feb/2026 05:35:22] "GET /api/events/ HTTP/1.1" 200 98
[03/Feb/2026 05:35:22] "GET /api/events/ HTTP/1.1" 200 98
[03/Feb/2026 05:35:24] "GET /api/registrations/ HTTP/1.1" 200 20
[03/Feb/2026 05:35:24] "GET /api/events/ HTTP/1.1" 200 98
[03/Feb/2026 05:35:24] "GET /api/registrations/ HTTP/1.1" 200 20
[03/Feb/2026 05:35:24] "GET /api/events/ HTTP/1.1" 200 98
[03/Feb/2026 05:35:25] "GET /api/tickets/ HTTP/1.1" 200 14
[03/Feb/2026 05:35:25] "GET /api/events/ HTTP/1.1" 200 98
[03/Feb/2026 05:35:25] "GET /api/tickets/ HTTP/1.1" 200 14
[03/Feb/2026 05:35:25] "GET /api/events/ HTTP/1.1" 200 98
[03/Feb/2026 05:35:26] "GET /api/registrations/ HTTP/1.1" 200 20
[03/Feb/2026 05:35:26] "GET /api/events/ HTTP/1.1" 200 98
[03/Feb/2026 05:35:26] "GET /api/events/ HTTP/1.1" 200 98
[03/Feb/2026 05:35:26] "GET /api/registrations/ HTTP/1.1" 200 20
[03/Feb/2026 05:36:44] "GET /api/events/ HTTP/1.1" 200 98
[03/Feb/2026 05:36:44] "GET /api/tickets/ HTTP/1.1" 200 14
[03/Feb/2026 05:36:44] "GET /api/tickets/ HTTP/1.1" 200 14
[03/Feb/2026 05:36:44] "GET /api/events/ HTTP/1.1" 200 98
[03/Feb/2026 05:36:44] "GET /api/events/ HTTP/1.1" 200 98
[03/Feb/2026 05:36:44] "GET /api/events/ HTTP/1.1" 200 98
[03/Feb/2026 05:37:06] "POST /api/users/login/ HTTP/1.1" 200 109
[03/Feb/2026 05:37:06] "GET /api/users/ HTTP/1.1" 200 154
[03/Feb/2026 05:37:06] "GET /api/events/ HTTP/1.1" 200 98
[03/Feb/2026 05:37:06] "GET /api/tickets/ HTTP/1.1" 200 14
[03/Feb/2026 05:37:06] "GET /api/registrations/ HTTP/1.1" 200 20
[03/Feb/2026 05:37:06] "GET /api/events/ HTTP/1.1" 200 98
[03/Feb/2026 05:37:06] "GET /api/users/ HTTP/1.1" 200 154
[03/Feb/2026 05:37:06] "GET /api/registrations/ HTTP/1.1" 200 20
[03/Feb/2026 05:37:07] "GET /api/tickets/ HTTP/1.1" 200 14
[03/Feb/2026 05:37:13] "GET /api/events/ HTTP/1.1" 200 98
[03/Feb/2026 05:37:13] "GET /api/events/ HTTP/1.1" 200 98
[03/Feb/2026 05:37:15] "GET /api/users/ HTTP/1.1" 200 154
[03/Feb/2026 05:37:15] "GET /api/tickets/ HTTP/1.1" 200 14
[03/Feb/2026 05:37:15] "GET /api/registrations/ HTTP/1.1" 200 20
[03/Feb/2026 05:37:15] "GET /api/events/ HTTP/1.1" 200 98
[03/Feb/2026 05:37:15] "GET /api/tickets/ HTTP/1.1" 200 14
[03/Feb/2026 05:37:15] "GET /api/users/ HTTP/1.1" 200 154
[03/Feb/2026 05:37:15] "GET /api/registrations/ HTTP/1.1" 200 20
[03/Feb/2026 05:37:15] "GET /api/events/ HTTP/1.1" 200 98
[03/Feb/2026 05:37:16] "GET /api/events/ HTTP/1.1" 200 98
[03/Feb/2026 05:37:16] "GET /api/events/ HTTP/1.1" 200 98
[03/Feb/2026 05:37:17] "GET /api/registrations/ HTTP/1.1" 200 20
[03/Feb/2026 05:37:17] "GET /api/events/ HTTP/1.1" 200 98
[03/Feb/2026 05:37:17] "GET /api/registrations/ HTTP/1.1" 200 20
[03/Feb/2026 05:37:17] "GET /api/events/ HTTP/1.1" 200 98
[03/Feb/2026 05:37:19] "GET /api/registrations/ HTTP/1.1" 200 20
[03/Feb/2026 05:37:19] "GET /api/events/ HTTP/1.1" 200 98
[03/Feb/2026 05:37:19] "GET /api/tickets/ HTTP/1.1" 200 14
[03/Feb/2026 05:37:19] "GET /api/users/ HTTP/1.1" 200 154
[03/Feb/2026 05:37:20] "GET /api/events/ HTTP/1.1" 200 98
[03/Feb/2026 05:37:20] "GET /api/tickets/ HTTP/1.1" 200 14
[03/Feb/2026 05:37:20] "GET /api/registrations/ HTTP/1.1" 200 20
[03/Feb/2026 05:37:20] "GET /api/users/ HTTP/1.1" 200 154
[03/Feb/2026 05:37:20] "GET /api/events/ HTTP/1.1" 200 98
[03/Feb/2026 05:37:20] "GET /api/events/ HTTP/1.1" 200 98
[03/Feb/2026 05:39:15] "GET /api/tickets/ HTTP/1.1" 200 14
[03/Feb/2026 05:39:15] "GET /api/registrations/ HTTP/1.1" 200 20
[03/Feb/2026 05:39:16] "GET /api/events/ HTTP/1.1" 200 98
[03/Feb/2026 05:39:16] "GET /api/users/ HTTP/1.1" 200 154
[03/Feb/2026 05:39:16] "GET /api/registrations/ HTTP/1.1" 200 20
[03/Feb/2026 05:39:16] "GET /api/tickets/ HTTP/1.1" 200 14
[03/Feb/2026 05:39:21] "GET /api/events/ HTTP/1.1" 200 98
[03/Feb/2026 05:39:22] "GET /api/users/ HTTP/1.1" 200 154
[03/Feb/2026 05:40:54] "GET /api/events/ HTTP/1.1" 200 98
[03/Feb/2026 05:40:54] "GET /api/tickets/ HTTP/1.1" 200 14
[03/Feb/2026 05:40:54] "GET /api/events/ HTTP/1.1" 200 98
[03/Feb/2026 05:40:54] "GET /api/registrations/ HTTP/1.1" 200 20
[03/Feb/2026 05:40:54] "GET /api/events/ HTTP/1.1" 200 98
[03/Feb/2026 05:40:54] "GET /api/users/ HTTP/1.1" 200 154
[03/Feb/2026 05:40:54] "GET /api/events/ HTTP/1.1" 200 98
[03/Feb/2026 05:40:54] "GET /api/registrations/ HTTP/1.1" 200 20
[03/Feb/2026 05:40:54] "GET /api/events/ HTTP/1.1" 200 98
[03/Feb/2026 05:40:54] "GET /api/registrations/ HTTP/1.1" 200 20
[03/Feb/2026 05:40:54] "GET /api/tickets/ HTTP/1.1" 200 14
[03/Feb/2026 05:40:54] "GET /api/users/ HTTP/1.1" 200 154
[03/Feb/2026 05:40:54] "GET /api/events/ HTTP/1.1" 200 98
[03/Feb/2026 05:40:54] "GET /api/registrations/ HTTP/1.1" 200 20
[03/Feb/2026 05:43:40] "GET /api/registrations/ HTTP/1.1" 200 20
[03/Feb/2026 05:43:40] "GET /api/events/ HTTP/1.1" 200 98
[03/Feb/2026 05:43:40] "GET /api/registrations/ HTTP/1.1" 200 20
[03/Feb/2026 05:43:41] "GET /api/events/ HTTP/1.1" 200 98
[03/Feb/2026 05:43:43] "GET /api/events/ HTTP/1.1" 200 98
[03/Feb/2026 05:43:43] "GET /api/events/ HTTP/1.1" 200 98
[03/Feb/2026 05:43:51] "GET /api/tickets/ HTTP/1.1" 200 14
[03/Feb/2026 05:43:51] "GET /api/registrations/ HTTP/1.1" 200 20
[03/Feb/2026 05:43:51] "GET /api/users/ HTTP/1.1" 200 154
[03/Feb/2026 05:43:51] "GET /api/events/ HTTP/1.1" 200 98
[03/Feb/2026 05:43:51] "GET /api/registrations/ HTTP/1.1" 200 20
[03/Feb/2026 05:43:51] "GET /api/users/ HTTP/1.1" 200 154
[03/Feb/2026 05:43:51] "GET /api/tickets/ HTTP/1.1" 200 14
[03/Feb/2026 05:43:51] "GET /api/events/ HTTP/1.1" 200 98
[03/Feb/2026 05:43:52] "GET /api/events/ HTTP/1.1" 200 98
[03/Feb/2026 05:43:52] "GET /api/registrations/ HTTP/1.1" 200 20
[03/Feb/2026 05:43:52] "GET /api/registrations/ HTTP/1.1" 200 20
[03/Feb/2026 05:43:52] "GET /api/events/ HTTP/1.1" 200 98
[03/Feb/2026 05:43:54] "GET /api/events/ HTTP/1.1" 200 98
[03/Feb/2026 05:43:54] "GET /api/events/ HTTP/1.1" 200 98
[03/Feb/2026 05:44:03] "POST /api/users/login/ HTTP/1.1" 200 108
[03/Feb/2026 05:44:03] "GET /api/events/ HTTP/1.1" 200 98
[03/Feb/2026 05:44:03] "GET /api/events/ HTTP/1.1" 200 98
[03/Feb/2026 05:44:07] "GET /api/registrations/ HTTP/1.1" 200 20
[03/Feb/2026 05:44:07] "GET /api/events/ HTTP/1.1" 200 98
[03/Feb/2026 05:44:07] "GET /api/registrations/ HTTP/1.1" 200 20
[03/Feb/2026 05:44:07] "GET /api/events/ HTTP/1.1" 200 98
[03/Feb/2026 05:44:09] "GET /api/events/ HTTP/1.1" 200 98
[03/Feb/2026 05:44:09] "GET /api/events/ HTTP/1.1" 200 98
[03/Feb/2026 05:44:11] "GET /api/events/ HTTP/1.1" 200 98
[03/Feb/2026 05:44:11] "GET /api/events/ HTTP/1.1" 200 98
[03/Feb/2026 05:44:14] "OPTIONS /api/registrations/ HTTP/1.1" 200 0
[03/Feb/2026 05:44:14] "POST /api/registrations/ HTTP/1.1" 201 104
[03/Feb/2026 05:44:17] "GET /api/registrations/ HTTP/1.1" 200 124
[03/Feb/2026 05:44:17] "GET /api/events/ HTTP/1.1" 200 98
[03/Feb/2026 05:44:17] "GET /api/registrations/ HTTP/1.1" 200 124
[03/Feb/2026 05:44:17] "GET /api/events/ HTTP/1.1" 200 98
[03/Feb/2026 05:44:18] "GET /api/events/ HTTP/1.1" 200 98
[03/Feb/2026 05:44:18] "GET /api/tickets/ HTTP/1.1" 200 14
[03/Feb/2026 05:44:18] "GET /api/events/ HTTP/1.1" 200 98
[03/Feb/2026 05:44:18] "GET /api/tickets/ HTTP/1.1" 200 14
[03/Feb/2026 05:44:22] "GET /api/events/ HTTP/1.1" 200 98
[03/Feb/2026 05:44:22] "GET /api/events/ HTTP/1.1" 200 98
[03/Feb/2026 05:44:24] "GET /api/tickets/ HTTP/1.1" 200 14
[03/Feb/2026 05:44:24] "GET /api/events/ HTTP/1.1" 200 98
[03/Feb/2026 05:44:24] "GET /api/events/ HTTP/1.1" 200 98
[03/Feb/2026 05:44:24] "GET /api/tickets/ HTTP/1.1" 200 14
[03/Feb/2026 05:44:25] "GET /api/registrations/ HTTP/1.1" 200 124
[03/Feb/2026 05:44:25] "GET /api/events/ HTTP/1.1" 200 98
[03/Feb/2026 05:44:25] "GET /api/registrations/ HTTP/1.1" 200 124
[03/Feb/2026 05:44:25] "GET /api/events/ HTTP/1.1" 200 98
[03/Feb/2026 05:44:27] "GET /api/tickets/ HTTP/1.1" 200 14
[03/Feb/2026 05:44:27] "GET /api/events/ HTTP/1.1" 200 98
[03/Feb/2026 05:44:27] "GET /api/tickets/ HTTP/1.1" 200 14
[03/Feb/2026 05:44:27] "GET /api/events/ HTTP/1.1" 200 98
[03/Feb/2026 05:44:29] "GET /api/events/ HTTP/1.1" 200 98
[03/Feb/2026 05:44:29] "GET /api/events/ HTTP/1.1" 200 98
[03/Feb/2026 05:44:30] "GET /api/tickets/ HTTP/1.1" 200 14
[03/Feb/2026 05:44:30] "GET /api/events/ HTTP/1.1" 200 98
[03/Feb/2026 05:44:30] "GET /api/tickets/ HTTP/1.1" 200 14
[03/Feb/2026 05:44:30] "GET /api/events/ HTTP/1.1" 200 98
[03/Feb/2026 05:44:32] "GET /api/events/ HTTP/1.1" 200 98
[03/Feb/2026 05:44:32] "GET /api/events/ HTTP/1.1" 200 98
[03/Feb/2026 05:44:43] "GET /api/tickets/ HTTP/1.1" 200 14
[03/Feb/2026 05:44:43] "GET /api/events/ HTTP/1.1" 200 98
[03/Feb/2026 05:44:43] "GET /api/tickets/ HTTP/1.1" 200 14
[03/Feb/2026 05:44:43] "GET /api/events/ HTTP/1.1" 200 98
[03/Feb/2026 05:44:45] "GET /api/registrations/ HTTP/1.1" 200 124
[03/Feb/2026 05:44:45] "GET /api/events/ HTTP/1.1" 200 98
[03/Feb/2026 05:44:45] "GET /api/events/ HTTP/1.1" 200 98
[03/Feb/2026 05:44:45] "GET /api/registrations/ HTTP/1.1" 200 124
[03/Feb/2026 05:44:47] "GET /api/tickets/ HTTP/1.1" 200 14
[03/Feb/2026 05:44:47] "GET /api/events/ HTTP/1.1" 200 98
[03/Feb/2026 05:44:47] "GET /api/tickets/ HTTP/1.1" 200 14
[03/Feb/2026 05:44:47] "GET /api/events/ HTTP/1.1" 200 98
[03/Feb/2026 05:44:49] "GET /api/registrations/ HTTP/1.1" 200 124
[03/Feb/2026 05:44:49] "GET /api/events/ HTTP/1.1" 200 98
[03/Feb/2026 05:44:49] "GET /api/registrations/ HTTP/1.1" 200 124
[03/Feb/2026 05:44:49] "GET /api/events/ HTTP/1.1" 200 98
[03/Feb/2026 05:46:01] "GET /api/events/ HTTP/1.1" 200 98
[03/Feb/2026 05:46:01] "GET /api/events/ HTTP/1.1" 200 98
[03/Feb/2026 05:46:02] "GET /api/registrations/ HTTP/1.1" 200 124
[03/Feb/2026 05:46:02] "GET /api/events/ HTTP/1.1" 200 98
[03/Feb/2026 05:46:02] "GET /api/registrations/ HTTP/1.1" 200 124
[03/Feb/2026 05:46:02] "GET /api/events/ HTTP/1.1" 200 98
[03/Feb/2026 05:46:12] "POST /api/users/login/ HTTP/1.1" 200 109
[03/Feb/2026 05:46:12] "GET /api/tickets/ HTTP/1.1" 200 14
[03/Feb/2026 05:46:12] "GET /api/users/ HTTP/1.1" 200 154
[03/Feb/2026 05:46:12] "GET /api/registrations/ HTTP/1.1" 200 124
[03/Feb/2026 05:46:12] "GET /api/events/ HTTP/1.1" 200 98
[03/Feb/2026 05:46:12] "GET /api/tickets/ HTTP/1.1" 200 14
[03/Feb/2026 05:46:12] "GET /api/users/ HTTP/1.1" 200 154
[03/Feb/2026 05:46:12] "GET /api/events/ HTTP/1.1" 200 98
[03/Feb/2026 05:46:12] "GET /api/registrations/ HTTP/1.1" 200 124
[03/Feb/2026 05:46:17] "GET /api/events/ HTTP/1.1" 200 98
[03/Feb/2026 05:46:17] "GET /api/events/ HTTP/1.1" 200 98
[03/Feb/2026 05:46:19] "GET /api/registrations/ HTTP/1.1" 200 124
[03/Feb/2026 05:46:19] "GET /api/events/ HTTP/1.1" 200 98
[03/Feb/2026 05:46:19] "GET /api/registrations/ HTTP/1.1" 200 124
[03/Feb/2026 05:46:19] "GET /api/events/ HTTP/1.1" 200 98
[03/Feb/2026 05:46:22] "OPTIONS /api/registrations/1/ HTTP/1.1" 200 0
Not Found: /api/registrations/1/
[03/Feb/2026 05:46:22] "PATCH /api/registrations/1/ HTTP/1.1" 404 2959
Not Found: /api/registrations/1/
[03/Feb/2026 05:46:24] "PATCH /api/registrations/1/ HTTP/1.1" 404 2959
Not Found: /api/registrations/1/
[03/Feb/2026 05:46:25] "PATCH /api/registrations/1/ HTTP/1.1" 404 2959
[03/Feb/2026 05:48:07] "GET /api/tickets/ HTTP/1.1" 200 14
[03/Feb/2026 05:48:07] "GET /api/events/ HTTP/1.1" 200 98
[03/Feb/2026 05:48:07] "GET /api/registrations/ HTTP/1.1" 200 124
[03/Feb/2026 05:48:07] "GET /api/users/ HTTP/1.1" 200 154
[03/Feb/2026 05:48:07] "GET /api/events/ HTTP/1.1" 200 98
[03/Feb/2026 05:48:07] "GET /api/registrations/ HTTP/1.1" 200 124
[03/Feb/2026 05:48:07] "GET /api/tickets/ HTTP/1.1" 200 14
[03/Feb/2026 05:48:07] "GET /api/users/ HTTP/1.1" 200 154
[03/Feb/2026 05:48:28] "GET /api/events/ HTTP/1.1" 200 98
[03/Feb/2026 05:48:28] "GET /api/events/ HTTP/1.1" 200 98
[03/Feb/2026 05:48:31] "GET /api/registrations/ HTTP/1.1" 200 124
[03/Feb/2026 05:48:31] "GET /api/events/ HTTP/1.1" 200 98
[03/Feb/2026 05:48:31] "GET /api/tickets/ HTTP/1.1" 200 14
[03/Feb/2026 05:48:31] "GET /api/users/ HTTP/1.1" 200 154
[03/Feb/2026 05:48:32] "GET /api/registrations/ HTTP/1.1" 200 124
[03/Feb/2026 05:48:32] "GET /api/users/ HTTP/1.1" 200 154
[03/Feb/2026 05:48:32] "GET /api/events/ HTTP/1.1" 200 98
[03/Feb/2026 05:48:32] "GET /api/tickets/ HTTP/1.1" 200 14
[03/Feb/2026 05:57:31] "POST /api/users/login/ HTTP/1.1" 200 108
[03/Feb/2026 05:57:32] "GET /api/events/ HTTP/1.1" 200 98
[03/Feb/2026 05:57:34] "GET /api/events/ HTTP/1.1" 200 98
[03/Feb/2026 05:57:44] "GET /api/events/ HTTP/1.1" 200 98
[03/Feb/2026 05:57:44] "GET /api/registrations/ HTTP/1.1" 200 124
[03/Feb/2026 05:57:44] "GET /api/registrations/ HTTP/1.1" 200 124
[03/Feb/2026 05:57:44] "GET /api/events/ HTTP/1.1" 200 98
[03/Feb/2026 05:57:46] "GET /api/events/ HTTP/1.1" 200 98
[03/Feb/2026 05:57:47] "GET /api/tickets/ HTTP/1.1" 200 14
[03/Feb/2026 05:57:49] "GET /api/events/ HTTP/1.1" 200 98
[03/Feb/2026 05:57:49] "GET /api/tickets/ HTTP/1.1" 200 14
[03/Feb/2026 05:57:49] "GET /api/registrations/ HTTP/1.1" 200 124
[03/Feb/2026 05:57:50] "GET /api/registrations/ HTTP/1.1" 200 124
[03/Feb/2026 05:57:50] "GET /api/events/ HTTP/1.1" 200 98
[03/Feb/2026 05:57:50] "GET /api/events/ HTTP/1.1" 200 98
/mnt/d/github/eventms/backend/tickets/serializers.py changed, reloading.
Performing system checks...

System check identified no issues (0 silenced).
February 03, 2026 - 05:22:21
Django version 5.2.10, using settings 'eventms_backend.settings'
Starting development server at http://127.0.0.1:8000/
Quit the server with CONTROL-C.

WARNING: This is a development server. Do not use it in a production setting. Use a production WSGI or ASGI server instead.
For more information on production servers see: https://docs.djangoproject.com/en/5.2/howto/deployment/
Watching for file changes with StatReloader
[03/Feb/2026 05:59:32] "POST /api/users/login/ HTTP/1.1" 200 109
[03/Feb/2026 05:59:33] "GET /api/events/ HTTP/1.1" 200 98
[03/Feb/2026 05:59:33] "GET /api/tickets/ HTTP/1.1" 200 14
[03/Feb/2026 05:59:33] "GET /api/registrations/ HTTP/1.1" 200 124
[03/Feb/2026 05:59:33] "GET /api/users/ HTTP/1.1" 200 154
[03/Feb/2026 05:59:33] "GET /api/events/ HTTP/1.1" 200 98
[03/Feb/2026 05:59:33] "GET /api/tickets/ HTTP/1.1" 200 14
[03/Feb/2026 05:59:33] "GET /api/users/ HTTP/1.1" 200 154
[03/Feb/2026 05:59:33] "GET /api/registrations/ HTTP/1.1" 200 124
[03/Feb/2026 05:59:35] "GET /api/events/ HTTP/1.1" 200 98
[03/Feb/2026 05:59:35] "GET /api/events/ HTTP/1.1" 200 98
[03/Feb/2026 05:59:43] "GET /api/registrations/ HTTP/1.1" 200 124
[03/Feb/2026 05:59:43] "GET /api/events/ HTTP/1.1" 200 98
[03/Feb/2026 05:59:43] "GET /api/registrations/ HTTP/1.1" 200 124
[03/Feb/2026 05:59:43] "GET /api/events/ HTTP/1.1" 200 98
[03/Feb/2026 05:59:45] "GET /api/events/ HTTP/1.1" 200 98
[03/Feb/2026 05:59:46] "GET /api/events/ HTTP/1.1" 200 98
[03/Feb/2026 05:59:50] "OPTIONS /api/events/1/ HTTP/1.1" 200 0
Not Found: /api/events/1/
[03/Feb/2026 05:59:50] "DELETE /api/events/1/ HTTP/1.1" 404 2939
Not Found: /api/events/1/
[03/Feb/2026 05:59:57] "DELETE /api/events/1/ HTTP/1.1" 404 2939
[03/Feb/2026 06:00:04] "GET /api/events/ HTTP/1.1" 200 98
[03/Feb/2026 06:00:04] "GET /api/events/ HTTP/1.1" 200 98
Not Found: /
[03/Feb/2026 06:01:03] "GET / HTTP/1.1" 404 2789
Not Found: /api/events/1/
[03/Feb/2026 06:01:18] "DELETE /api/events/1/ HTTP/1.1" 404 2939
[03/Feb/2026 06:01:54] "GET /api/tickets/ HTTP/1.1" 200 14
[03/Feb/2026 06:01:54] "GET /api/events/ HTTP/1.1" 200 98
[03/Feb/2026 06:01:54] "GET /api/registrations/ HTTP/1.1" 200 124
[03/Feb/2026 06:01:54] "GET /api/users/ HTTP/1.1" 200 154
[03/Feb/2026 06:01:54] "GET /api/tickets/ HTTP/1.1" 200 14
[03/Feb/2026 06:01:54] "GET /api/events/ HTTP/1.1" 200 98
[03/Feb/2026 06:01:54] "GET /api/users/ HTTP/1.1" 200 154
[03/Feb/2026 06:01:54] "GET /api/registrations/ HTTP/1.1" 200 124
[03/Feb/2026 06:01:56] "GET /api/events/ HTTP/1.1" 200 98
[03/Feb/2026 06:01:56] "GET /api/events/ HTTP/1.1" 200 98
[03/Feb/2026 06:01:58] "GET /api/events/ HTTP/1.1" 200 98
[03/Feb/2026 06:01:58] "GET /api/registrations/ HTTP/1.1" 200 124
[03/Feb/2026 06:01:58] "GET /api/events/ HTTP/1.1" 200 98
[03/Feb/2026 06:01:58] "GET /api/registrations/ HTTP/1.1" 200 124
[03/Feb/2026 06:02:00] "GET /api/events/ HTTP/1.1" 200 98
[03/Feb/2026 06:02:00] "GET /api/events/ HTTP/1.1" 200 98
[03/Feb/2026 06:02:01] "GET /api/users/ HTTP/1.1" 200 154
[03/Feb/2026 06:02:01] "GET /api/registrations/ HTTP/1.1" 200 124
[03/Feb/2026 06:02:01] "GET /api/tickets/ HTTP/1.1" 200 14
[03/Feb/2026 06:02:01] "GET /api/events/ HTTP/1.1" 200 98
[03/Feb/2026 06:02:01] "GET /api/users/ HTTP/1.1" 200 154
[03/Feb/2026 06:02:01] "GET /api/registrations/ HTTP/1.1" 200 124
[03/Feb/2026 06:02:01] "GET /api/events/ HTTP/1.1" 200 98
[03/Feb/2026 06:02:01] "GET /api/tickets/ HTTP/1.1" 200 14
[03/Feb/2026 06:02:06] "GET /api/events/ HTTP/1.1" 200 98
[03/Feb/2026 06:02:06] "GET /api/events/ HTTP/1.1" 200 98
[03/Feb/2026 06:02:07] "GET /api/registrations/ HTTP/1.1" 200 124
[03/Feb/2026 06:02:07] "GET /api/events/ HTTP/1.1" 200 98
[03/Feb/2026 06:02:07] "GET /api/registrations/ HTTP/1.1" 200 124
[03/Feb/2026 06:02:07] "GET /api/events/ HTTP/1.1" 200 98
[03/Feb/2026 06:02:23] "POST /api/users/login/ HTTP/1.1" 200 108
[03/Feb/2026 06:02:23] "GET /api/events/ HTTP/1.1" 200 98
[03/Feb/2026 06:02:24] "GET /api/events/ HTTP/1.1" 200 98
[03/Feb/2026 06:02:27] "GET /api/events/ HTTP/1.1" 200 98
[03/Feb/2026 06:02:27] "GET /api/registrations/ HTTP/1.1" 200 124
[03/Feb/2026 06:02:27] "GET /api/events/ HTTP/1.1" 200 98
[03/Feb/2026 06:02:27] "GET /api/registrations/ HTTP/1.1" 200 124
[03/Feb/2026 06:02:29] "GET /api/events/ HTTP/1.1" 200 98
[03/Feb/2026 06:02:29] "GET /api/tickets/ HTTP/1.1" 200 14
[03/Feb/2026 06:02:29] "GET /api/events/ HTTP/1.1" 200 98
[03/Feb/2026 06:02:30] "GET /api/tickets/ HTTP/1.1" 200 14
[03/Feb/2026 06:02:33] "GET /api/events/ HTTP/1.1" 200 98
[03/Feb/2026 06:02:33] "GET /api/registrations/ HTTP/1.1" 200 124
[03/Feb/2026 06:02:33] "GET /api/registrations/ HTTP/1.1" 200 124
[03/Feb/2026 06:02:33] "GET /api/events/ HTTP/1.1" 200 98
/mnt/d/github/eventms/backend/events/urls.py changed, reloading.
Performing system checks...

System check identified no issues (0 silenced).
February 03, 2026 - 05:59:26
Django version 5.2.10, using settings 'eventms_backend.settings'
Starting development server at http://127.0.0.1:8000/
Quit the server with CONTROL-C.

WARNING: This is a development server. Do not use it in a production setting. Use a production WSGI or ASGI server instead.
For more information on production servers see: https://docs.djangoproject.com/en/5.2/howto/deployment/
Watching for file changes with StatReloader
[03/Feb/2026 06:05:13] "GET /api/registrations/ HTTP/1.1" 200 124
[03/Feb/2026 06:05:13] "GET /api/events/ HTTP/1.1" 200 98
[03/Feb/2026 06:05:13] "GET /api/registrations/ HTTP/1.1" 200 124
[03/Feb/2026 06:05:13] "GET /api/events/ HTTP/1.1" 200 98
[03/Feb/2026 06:05:23] "GET /api/events/ HTTP/1.1" 200 98
[03/Feb/2026 06:05:23] "GET /api/registrations/ HTTP/1.1" 200 124
[03/Feb/2026 06:05:23] "GET /api/registrations/ HTTP/1.1" 200 124
[03/Feb/2026 06:05:23] "GET /api/events/ HTTP/1.1" 200 98
[03/Feb/2026 06:05:26] "GET /api/events/ HTTP/1.1" 200 98
[03/Feb/2026 06:05:26] "GET /api/events/ HTTP/1.1" 200 98
[03/Feb/2026 06:05:37] "POST /api/users/login/ HTTP/1.1" 200 109
[03/Feb/2026 06:05:38] "GET /api/registrations/ HTTP/1.1" 200 124
[03/Feb/2026 06:05:38] "GET /api/users/ HTTP/1.1" 200 154
[03/Feb/2026 06:05:38] "GET /api/tickets/ HTTP/1.1" 200 14
[03/Feb/2026 06:05:38] "GET /api/events/ HTTP/1.1" 200 98
[03/Feb/2026 06:05:38] "GET /api/registrations/ HTTP/1.1" 200 124
[03/Feb/2026 06:05:39] "GET /api/users/ HTTP/1.1" 200 154
[03/Feb/2026 06:05:39] "GET /api/events/ HTTP/1.1" 200 98
[03/Feb/2026 06:05:39] "GET /api/tickets/ HTTP/1.1" 200 14
[03/Feb/2026 06:05:40] "GET /api/events/ HTTP/1.1" 200 98
[03/Feb/2026 06:05:40] "GET /api/events/ HTTP/1.1" 200 98
[03/Feb/2026 06:05:45] "DELETE /api/events/1/ HTTP/1.1" 204 27
[03/Feb/2026 06:05:45] "GET /api/events/ HTTP/1.1" 200 13
[03/Feb/2026 06:05:48] "GET /api/events/ HTTP/1.1" 200 13
[03/Feb/2026 06:05:48] "GET /api/registrations/ HTTP/1.1" 200 20
[03/Feb/2026 06:05:48] "GET /api/events/ HTTP/1.1" 200 13
[03/Feb/2026 06:05:48] "GET /api/registrations/ HTTP/1.1" 200 20
[03/Feb/2026 06:06:22] "OPTIONS /api/users/register/ HTTP/1.1" 200 0
[03/Feb/2026 06:06:23] "POST /api/users/register/ HTTP/1.1" 201 77
[03/Feb/2026 06:06:37] "POST /api/users/login/ HTTP/1.1" 200 115
[03/Feb/2026 06:06:37] "GET /api/events/ HTTP/1.1" 200 13
[03/Feb/2026 06:06:37] "GET /api/events/ HTTP/1.1" 200 13
[03/Feb/2026 06:06:46] "POST /api/users/login/ HTTP/1.1" 200 109
[03/Feb/2026 06:06:46] "GET /api/events/ HTTP/1.1" 200 13
[03/Feb/2026 06:06:47] "GET /api/registrations/ HTTP/1.1" 200 20
[03/Feb/2026 06:06:47] "GET /api/tickets/ HTTP/1.1" 200 14
[03/Feb/2026 06:06:47] "GET /api/users/ HTTP/1.1" 200 232
[03/Feb/2026 06:06:47] "GET /api/events/ HTTP/1.1" 200 13
[03/Feb/2026 06:06:47] "GET /api/tickets/ HTTP/1.1" 200 14
[03/Feb/2026 06:06:47] "GET /api/registrations/ HTTP/1.1" 200 20
[03/Feb/2026 06:06:47] "GET /api/users/ HTTP/1.1" 200 232
[03/Feb/2026 06:06:48] "GET /api/events/ HTTP/1.1" 200 13
[03/Feb/2026 06:06:48] "GET /api/events/ HTTP/1.1" 200 13
[03/Feb/2026 06:07:57] "POST /api/events/ HTTP/1.1" 201 193
[03/Feb/2026 06:08:01] "GET /api/events/ HTTP/1.1" 200 206
[03/Feb/2026 06:08:09] "GET /api/tickets/ HTTP/1.1" 200 14
[03/Feb/2026 06:08:09] "GET /api/events/ HTTP/1.1" 200 206
[03/Feb/2026 06:08:09] "GET /api/registrations/ HTTP/1.1" 200 20
[03/Feb/2026 06:08:09] "GET /api/users/ HTTP/1.1" 200 232
[03/Feb/2026 06:08:09] "GET /api/events/ HTTP/1.1" 200 206
[03/Feb/2026 06:08:09] "GET /api/registrations/ HTTP/1.1" 200 20
[03/Feb/2026 06:08:09] "GET /api/tickets/ HTTP/1.1" 200 14
[03/Feb/2026 06:08:09] "GET /api/users/ HTTP/1.1" 200 232
[03/Feb/2026 06:08:11] "GET /api/registrations/ HTTP/1.1" 200 20
[03/Feb/2026 06:08:11] "GET /api/events/ HTTP/1.1" 200 206
[03/Feb/2026 06:08:11] "GET /api/registrations/ HTTP/1.1" 200 20
[03/Feb/2026 06:08:11] "GET /api/events/ HTTP/1.1" 200 206
[03/Feb/2026 06:08:23] "POST /api/users/login/ HTTP/1.1" 200 115
[03/Feb/2026 06:08:23] "GET /api/events/ HTTP/1.1" 200 206
[03/Feb/2026 06:08:23] "GET /api/events/ HTTP/1.1" 200 206
[03/Feb/2026 06:08:28] "GET /api/events/ HTTP/1.1" 200 206
[03/Feb/2026 06:08:28] "GET /api/events/ HTTP/1.1" 200 206
[03/Feb/2026 06:08:30] "POST /api/registrations/ HTTP/1.1" 201 106
[03/Feb/2026 06:08:32] "GET /api/registrations/ HTTP/1.1" 200 126
[03/Feb/2026 06:08:32] "GET /api/events/ HTTP/1.1" 200 206
[03/Feb/2026 06:08:32] "GET /api/registrations/ HTTP/1.1" 200 126
[03/Feb/2026 06:08:32] "GET /api/events/ HTTP/1.1" 200 206
[03/Feb/2026 06:08:34] "GET /api/events/ HTTP/1.1" 200 206
[03/Feb/2026 06:08:34] "GET /api/tickets/ HTTP/1.1" 200 14
[03/Feb/2026 06:08:34] "GET /api/events/ HTTP/1.1" 200 206
[03/Feb/2026 06:08:34] "GET /api/tickets/ HTTP/1.1" 200 14
[03/Feb/2026 06:08:36] "GET /api/events/ HTTP/1.1" 200 206
[03/Feb/2026 06:08:36] "GET /api/registrations/ HTTP/1.1" 200 126
[03/Feb/2026 06:08:36] "GET /api/events/ HTTP/1.1" 200 206
[03/Feb/2026 06:08:36] "GET /api/registrations/ HTTP/1.1" 200 126
[03/Feb/2026 06:08:37] "GET /api/events/ HTTP/1.1" 200 206
[03/Feb/2026 06:08:37] "GET /api/tickets/ HTTP/1.1" 200 14
[03/Feb/2026 06:08:37] "GET /api/tickets/ HTTP/1.1" 200 14
[03/Feb/2026 06:08:37] "GET /api/events/ HTTP/1.1" 200 206
[03/Feb/2026 06:17:22] "POST /api/users/login/ HTTP/1.1" 200 115
[03/Feb/2026 06:17:22] "GET /api/events/ HTTP/1.1" 200 206
[03/Feb/2026 06:17:23] "GET /api/events/ HTTP/1.1" 200 206
[03/Feb/2026 06:17:26] "GET /api/events/ HTTP/1.1" 200 206
[03/Feb/2026 06:17:26] "GET /api/events/ HTTP/1.1" 200 206
[03/Feb/2026 06:17:32] "POST /api/registrations/ HTTP/1.1" 201 106
[03/Feb/2026 06:17:35] "GET /api/registrations/ HTTP/1.1" 200 233
[03/Feb/2026 06:17:35] "GET /api/events/ HTTP/1.1" 200 206
[03/Feb/2026 06:17:35] "GET /api/events/ HTTP/1.1" 200 206
[03/Feb/2026 06:17:35] "GET /api/registrations/ HTTP/1.1" 200 233
[03/Feb/2026 06:17:46] "GET /api/events/ HTTP/1.1" 200 206
[03/Feb/2026 06:17:46] "GET /api/tickets/ HTTP/1.1" 200 14
[03/Feb/2026 06:17:46] "GET /api/events/ HTTP/1.1" 200 206
[03/Feb/2026 06:17:46] "GET /api/tickets/ HTTP/1.1" 200 14
[03/Feb/2026 06:17:48] "GET /api/events/ HTTP/1.1" 200 206
[03/Feb/2026 06:17:48] "GET /api/events/ HTTP/1.1" 200 206
[03/Feb/2026 06:17:52] "GET /api/events/ HTTP/1.1" 200 206
[03/Feb/2026 06:17:52] "GET /api/tickets/ HTTP/1.1" 200 14
[03/Feb/2026 06:17:52] "GET /api/tickets/ HTTP/1.1" 200 14
[03/Feb/2026 06:17:52] "GET /api/events/ HTTP/1.1" 200 206
[03/Feb/2026 06:29:58] "GET /api/events/ HTTP/1.1" 200 206
[03/Feb/2026 06:29:58] "GET /api/events/ HTTP/1.1" 200 206
[03/Feb/2026 06:30:45] "GET /api/registrations/ HTTP/1.1" 200 233
[03/Feb/2026 06:30:45] "GET /api/events/ HTTP/1.1" 200 206
[03/Feb/2026 06:30:45] "GET /api/registrations/ HTTP/1.1" 200 233
[03/Feb/2026 06:30:45] "GET /api/events/ HTTP/1.1" 200 206
[03/Feb/2026 06:30:47] "GET /api/tickets/ HTTP/1.1" 200 14
[03/Feb/2026 06:30:47] "GET /api/events/ HTTP/1.1" 200 206
[03/Feb/2026 06:30:47] "GET /api/events/ HTTP/1.1" 200 206
[03/Feb/2026 06:30:47] "GET /api/tickets/ HTTP/1.1" 200 14
[03/Feb/2026 06:30:48] "GET /api/registrations/ HTTP/1.1" 200 233
[03/Feb/2026 06:30:48] "GET /api/events/ HTTP/1.1" 200 206
[03/Feb/2026 06:30:48] "GET /api/registrations/ HTTP/1.1" 200 233
[03/Feb/2026 06:30:48] "GET /api/events/ HTTP/1.1" 200 206
[03/Feb/2026 06:30:49] "GET /api/events/ HTTP/1.1" 200 206
[03/Feb/2026 06:30:49] "GET /api/events/ HTTP/1.1" 200 206
[03/Feb/2026 06:30:51] "GET /api/events/ HTTP/1.1" 200 206
[03/Feb/2026 06:30:51] "GET /api/events/ HTTP/1.1" 200 206
[03/Feb/2026 06:30:58] "GET /api/events/ HTTP/1.1" 200 206
[03/Feb/2026 06:30:58] "GET /api/events/ HTTP/1.1" 200 206
[03/Feb/2026 06:35:33] "POST /api/users/login/ HTTP/1.1" 200 115
[03/Feb/2026 06:35:34] "GET /api/events/ HTTP/1.1" 200 206
[03/Feb/2026 06:35:34] "GET /api/events/ HTTP/1.1" 200 206
[03/Feb/2026 06:35:43] "GET /api/events/ HTTP/1.1" 200 206
[03/Feb/2026 06:35:43] "GET /api/registrations/ HTTP/1.1" 200 233
[03/Feb/2026 06:35:43] "GET /api/registrations/ HTTP/1.1" 200 233
[03/Feb/2026 06:35:43] "GET /api/events/ HTTP/1.1" 200 206
[03/Feb/2026 06:35:44] "GET /api/events/ HTTP/1.1" 200 206
[03/Feb/2026 06:35:44] "GET /api/tickets/ HTTP/1.1" 200 14
[03/Feb/2026 06:35:44] "GET /api/tickets/ HTTP/1.1" 200 14
[03/Feb/2026 06:35:44] "GET /api/events/ HTTP/1.1" 200 206
[03/Feb/2026 06:35:48] "GET /api/tickets/ HTTP/1.1" 200 14
[03/Feb/2026 06:35:48] "GET /api/events/ HTTP/1.1" 200 206
[03/Feb/2026 06:35:48] "GET /api/tickets/ HTTP/1.1" 200 14
[03/Feb/2026 06:35:48] "GET /api/events/ HTTP/1.1" 200 206
[03/Feb/2026 06:36:03] "POST /api/users/login/ HTTP/1.1" 200 109
[03/Feb/2026 06:36:04] "GET /api/events/ HTTP/1.1" 200 206
[03/Feb/2026 06:36:04] "GET /api/tickets/ HTTP/1.1" 200 14
[03/Feb/2026 06:36:04] "GET /api/registrations/ HTTP/1.1" 200 233
[03/Feb/2026 06:36:04] "GET /api/users/ HTTP/1.1" 200 232
[03/Feb/2026 06:36:04] "GET /api/registrations/ HTTP/1.1" 200 233
[03/Feb/2026 06:36:04] "GET /api/users/ HTTP/1.1" 200 232
[03/Feb/2026 06:36:04] "GET /api/tickets/ HTTP/1.1" 200 14
[03/Feb/2026 06:36:04] "GET /api/events/ HTTP/1.1" 200 206
[03/Feb/2026 06:36:06] "GET /api/events/ HTTP/1.1" 200 206
[03/Feb/2026 06:36:06] "GET /api/events/ HTTP/1.1" 200 206
[03/Feb/2026 06:36:09] "OPTIONS /api/events/2/ HTTP/1.1" 200 0
[03/Feb/2026 06:36:10] "DELETE /api/events/2/ HTTP/1.1" 204 27
[03/Feb/2026 06:36:10] "GET /api/events/ HTTP/1.1" 200 13
[03/Feb/2026 06:37:19] "POST /api/events/ HTTP/1.1" 201 151
[03/Feb/2026 06:37:23] "GET /api/events/ HTTP/1.1" 200 164
[03/Feb/2026 06:37:29] "GET /api/registrations/ HTTP/1.1" 200 20
[03/Feb/2026 06:37:29] "GET /api/events/ HTTP/1.1" 200 164
[03/Feb/2026 06:37:29] "GET /api/registrations/ HTTP/1.1" 200 20
[03/Feb/2026 06:37:29] "GET /api/events/ HTTP/1.1" 200 164
[03/Feb/2026 06:37:30] "GET /api/events/ HTTP/1.1" 200 164
[03/Feb/2026 06:37:30] "GET /api/events/ HTTP/1.1" 200 164
[03/Feb/2026 06:37:32] "GET /api/registrations/ HTTP/1.1" 200 20
[03/Feb/2026 06:37:32] "GET /api/events/ HTTP/1.1" 200 164
[03/Feb/2026 06:37:32] "GET /api/tickets/ HTTP/1.1" 200 14
[03/Feb/2026 06:37:32] "GET /api/users/ HTTP/1.1" 200 232
[03/Feb/2026 06:37:32] "GET /api/registrations/ HTTP/1.1" 200 20
[03/Feb/2026 06:37:32] "GET /api/events/ HTTP/1.1" 200 164
[03/Feb/2026 06:37:32] "GET /api/tickets/ HTTP/1.1" 200 14
[03/Feb/2026 06:37:32] "GET /api/users/ HTTP/1.1" 200 232
[03/Feb/2026 06:37:42] "POST /api/users/login/ HTTP/1.1" 200 115
[03/Feb/2026 06:37:43] "GET /api/events/ HTTP/1.1" 200 164
[03/Feb/2026 06:37:43] "GET /api/events/ HTTP/1.1" 200 164
[03/Feb/2026 06:37:46] "GET /api/events/ HTTP/1.1" 200 164
[03/Feb/2026 06:37:46] "GET /api/registrations/ HTTP/1.1" 200 20
[03/Feb/2026 06:37:46] "GET /api/registrations/ HTTP/1.1" 200 20
[03/Feb/2026 06:37:46] "GET /api/events/ HTTP/1.1" 200 164
[03/Feb/2026 06:37:46] "GET /api/events/ HTTP/1.1" 200 164
[03/Feb/2026 06:37:47] "GET /api/events/ HTTP/1.1" 200 164
[03/Feb/2026 06:37:48] "GET /api/events/ HTTP/1.1" 200 164
[03/Feb/2026 06:37:48] "GET /api/events/ HTTP/1.1" 200 164
[03/Feb/2026 06:37:50] "POST /api/registrations/ HTTP/1.1" 201 106
[03/Feb/2026 06:37:54] "GET /api/registrations/ HTTP/1.1" 200 126
[03/Feb/2026 06:37:54] "GET /api/events/ HTTP/1.1" 200 164
[03/Feb/2026 06:37:54] "GET /api/registrations/ HTTP/1.1" 200 126
[03/Feb/2026 06:37:54] "GET /api/events/ HTTP/1.1" 200 164
[03/Feb/2026 06:37:56] "GET /api/tickets/ HTTP/1.1" 200 14
[03/Feb/2026 06:37:56] "GET /api/events/ HTTP/1.1" 200 164
[03/Feb/2026 06:37:56] "GET /api/tickets/ HTTP/1.1" 200 14
[03/Feb/2026 06:37:56] "GET /api/events/ HTTP/1.1" 200 164
[03/Feb/2026 06:37:57] "GET /api/events/ HTTP/1.1" 200 164
[03/Feb/2026 06:37:57] "GET /api/registrations/ HTTP/1.1" 200 126
[03/Feb/2026 06:37:57] "GET /api/events/ HTTP/1.1" 200 164
[03/Feb/2026 06:37:57] "GET /api/registrations/ HTTP/1.1" 200 126
[03/Feb/2026 06:38:00] "GET /api/tickets/ HTTP/1.1" 200 14
[03/Feb/2026 06:38:00] "GET /api/events/ HTTP/1.1" 200 164
[03/Feb/2026 06:38:00] "GET /api/tickets/ HTTP/1.1" 200 14
[03/Feb/2026 06:38:00] "GET /api/events/ HTTP/1.1" 200 164
[03/Feb/2026 06:38:01] "GET /api/registrations/ HTTP/1.1" 200 126
[03/Feb/2026 06:38:01] "GET /api/events/ HTTP/1.1" 200 164
[03/Feb/2026 06:38:01] "GET /api/events/ HTTP/1.1" 200 164
[03/Feb/2026 06:38:01] "GET /api/registrations/ HTTP/1.1" 200 126
[03/Feb/2026 06:38:04] "GET /api/events/ HTTP/1.1" 200 164
[03/Feb/2026 06:38:04] "GET /api/events/ HTTP/1.1" 200 164
[03/Feb/2026 06:38:05] "GET /api/events/ HTTP/1.1" 200 164
[03/Feb/2026 06:38:05] "GET /api/registrations/ HTTP/1.1" 200 126
[03/Feb/2026 06:38:05] "GET /api/events/ HTTP/1.1" 200 164
[03/Feb/2026 06:38:05] "GET /api/registrations/ HTTP/1.1" 200 126
[03/Feb/2026 06:38:08] "GET /api/tickets/ HTTP/1.1" 200 14
[03/Feb/2026 06:38:08] "GET /api/events/ HTTP/1.1" 200 164
[03/Feb/2026 06:38:09] "GET /api/tickets/ HTTP/1.1" 200 14
[03/Feb/2026 06:38:09] "GET /api/events/ HTTP/1.1" 200 164
[03/Feb/2026 06:38:10] "GET /api/events/ HTTP/1.1" 200 164
[03/Feb/2026 06:38:10] "GET /api/events/ HTTP/1.1" 200 164
[03/Feb/2026 06:38:12] "GET /api/tickets/ HTTP/1.1" 200 14
[03/Feb/2026 06:38:12] "GET /api/events/ HTTP/1.1" 200 164
[03/Feb/2026 06:38:12] "GET /api/tickets/ HTTP/1.1" 200 14
[03/Feb/2026 06:38:12] "GET /api/events/ HTTP/1.1" 200 164
[03/Feb/2026 06:38:17] "GET /api/registrations/ HTTP/1.1" 200 126
[03/Feb/2026 06:38:17] "GET /api/events/ HTTP/1.1" 200 164
[03/Feb/2026 06:38:17] "GET /api/registrations/ HTTP/1.1" 200 126
[03/Feb/2026 06:38:17] "GET /api/events/ HTTP/1.1" 200 164
[03/Feb/2026 06:38:19] "GET /api/events/ HTTP/1.1" 200 164
[03/Feb/2026 06:38:19] "GET /api/events/ HTTP/1.1" 200 164
[03/Feb/2026 06:38:20] "GET /api/tickets/ HTTP/1.1" 200 14
[03/Feb/2026 06:38:20] "GET /api/events/ HTTP/1.1" 200 164
[03/Feb/2026 06:38:21] "GET /api/tickets/ HTTP/1.1" 200 14
[03/Feb/2026 06:38:21] "GET /api/events/ HTTP/1.1" 200 164
[03/Feb/2026 06:38:23] "GET /api/events/ HTTP/1.1" 200 164
[03/Feb/2026 06:38:23] "GET /api/events/ HTTP/1.1" 200 164
[03/Feb/2026 06:40:03] "GET /api/registrations/ HTTP/1.1" 200 126
[03/Feb/2026 06:40:03] "GET /api/events/ HTTP/1.1" 200 164
[03/Feb/2026 06:40:04] "GET /api/events/ HTTP/1.1" 200 164
[03/Feb/2026 06:40:04] "GET /api/registrations/ HTTP/1.1" 200 126
[03/Feb/2026 06:40:09] "GET /api/events/ HTTP/1.1" 200 164
[03/Feb/2026 06:40:09] "GET /api/tickets/ HTTP/1.1" 200 14
[03/Feb/2026 06:40:09] "GET /api/events/ HTTP/1.1" 200 164
[03/Feb/2026 06:40:09] "GET /api/tickets/ HTTP/1.1" 200 14
[03/Feb/2026 06:40:11] "GET /api/events/ HTTP/1.1" 200 164
[03/Feb/2026 06:40:11] "GET /api/registrations/ HTTP/1.1" 200 126
[03/Feb/2026 06:40:11] "GET /api/events/ HTTP/1.1" 200 164
[03/Feb/2026 06:40:11] "GET /api/registrations/ HTTP/1.1" 200 126
[03/Feb/2026 06:40:14] "GET /api/events/ HTTP/1.1" 200 164
[03/Feb/2026 06:40:14] "GET /api/events/ HTTP/1.1" 200 164
[03/Feb/2026 06:40:15] "GET /api/registrations/ HTTP/1.1" 200 126
[03/Feb/2026 06:40:15] "GET /api/events/ HTTP/1.1" 200 164
[03/Feb/2026 06:40:15] "GET /api/registrations/ HTTP/1.1" 200 126
[03/Feb/2026 06:40:15] "GET /api/events/ HTTP/1.1" 200 164
[03/Feb/2026 06:40:17] "GET /api/tickets/ HTTP/1.1" 200 14
[03/Feb/2026 06:40:17] "GET /api/events/ HTTP/1.1" 200 164
[03/Feb/2026 06:40:17] "GET /api/events/ HTTP/1.1" 200 164
[03/Feb/2026 06:40:17] "GET /api/tickets/ HTTP/1.1" 200 14
[03/Feb/2026 06:40:19] "GET /api/events/ HTTP/1.1" 200 164
[03/Feb/2026 06:40:19] "GET /api/events/ HTTP/1.1" 200 164
[03/Feb/2026 06:40:24] "GET /api/registrations/ HTTP/1.1" 200 126
[03/Feb/2026 06:40:24] "GET /api/events/ HTTP/1.1" 200 164
[03/Feb/2026 06:40:24] "GET /api/registrations/ HTTP/1.1" 200 126
[03/Feb/2026 06:40:24] "GET /api/events/ HTTP/1.1" 200 164
[03/Feb/2026 06:40:26] "GET /api/tickets/ HTTP/1.1" 200 14
[03/Feb/2026 06:40:26] "GET /api/events/ HTTP/1.1" 200 164
[03/Feb/2026 06:40:26] "GET /api/tickets/ HTTP/1.1" 200 14
[03/Feb/2026 06:40:26] "GET /api/events/ HTTP/1.1" 200 164
/mnt/d/github/eventms/backend/registrations/views.py changed, reloading.
Performing system checks...

System check identified no issues (0 silenced).
February 03, 2026 - 06:03:23
Django version 5.2.10, using settings 'eventms_backend.settings'
Starting development server at http://127.0.0.1:8000/
Quit the server with CONTROL-C.

WARNING: This is a development server. Do not use it in a production setting. Use a production WSGI or ASGI server instead.
For more information on production servers see: https://docs.djangoproject.com/en/5.2/howto/deployment/
Watching for file changes with StatReloader
Not Found: /
[03/Feb/2026 06:43:06] "GET / HTTP/1.1" 404 2789
[03/Feb/2026 06:44:44] "POST /api/users/login/ HTTP/1.1" 200 109
[03/Feb/2026 06:44:45] "GET /api/users/ HTTP/1.1" 200 232
[03/Feb/2026 06:44:45] "GET /api/tickets/ HTTP/1.1" 200 14
[03/Feb/2026 06:44:45] "GET /api/registrations/ HTTP/1.1" 200 126
[03/Feb/2026 06:44:45] "GET /api/events/ HTTP/1.1" 200 164
[03/Feb/2026 06:44:45] "GET /api/tickets/ HTTP/1.1" 200 14
[03/Feb/2026 06:44:45] "GET /api/users/ HTTP/1.1" 200 232
[03/Feb/2026 06:44:45] "GET /api/registrations/ HTTP/1.1" 200 126
[03/Feb/2026 06:44:45] "GET /api/events/ HTTP/1.1" 200 164
[03/Feb/2026 06:44:52] "GET /api/events/ HTTP/1.1" 200 164
[03/Feb/2026 06:44:52] "GET /api/events/ HTTP/1.1" 200 164
Bad Request: /api/events/
[03/Feb/2026 06:45:27] "POST /api/events/ HTTP/1.1" 400 45
[03/Feb/2026 06:45:38] "POST /api/events/ HTTP/1.1" 201 134
[03/Feb/2026 06:45:40] "GET /api/events/ HTTP/1.1" 200 299
[03/Feb/2026 06:45:50] "POST /api/users/login/ HTTP/1.1" 200 115
[03/Feb/2026 06:45:50] "GET /api/events/ HTTP/1.1" 200 299
[03/Feb/2026 06:45:51] "GET /api/events/ HTTP/1.1" 200 299
[03/Feb/2026 06:45:55] "GET /api/events/ HTTP/1.1" 200 299
[03/Feb/2026 06:45:55] "GET /api/registrations/ HTTP/1.1" 200 126
[03/Feb/2026 06:45:55] "GET /api/events/ HTTP/1.1" 200 299
[03/Feb/2026 06:45:55] "GET /api/registrations/ HTTP/1.1" 200 126
[03/Feb/2026 06:45:59] "GET /api/tickets/ HTTP/1.1" 200 14
[03/Feb/2026 06:45:59] "GET /api/events/ HTTP/1.1" 200 299
[03/Feb/2026 06:45:59] "GET /api/registrations/ HTTP/1.1" 200 126
[03/Feb/2026 06:45:59] "GET /api/registrations/ HTTP/1.1" 200 126
[03/Feb/2026 06:45:59] "GET /api/tickets/ HTTP/1.1" 200 14
[03/Feb/2026 06:45:59] "GET /api/events/ HTTP/1.1" 200 299
[03/Feb/2026 06:46:03] "GET /api/registrations/ HTTP/1.1" 200 126
[03/Feb/2026 06:46:03] "GET /api/events/ HTTP/1.1" 200 299
[03/Feb/2026 06:46:03] "GET /api/registrations/ HTTP/1.1" 200 126
[03/Feb/2026 06:46:03] "GET /api/events/ HTTP/1.1" 200 299
[03/Feb/2026 06:46:05] "GET /api/events/ HTTP/1.1" 200 299
[03/Feb/2026 06:46:05] "GET /api/events/ HTTP/1.1" 200 299
[03/Feb/2026 06:46:06] "GET /api/events/ HTTP/1.1" 200 299
[03/Feb/2026 06:46:06] "GET /api/registrations/ HTTP/1.1" 200 126
[03/Feb/2026 06:46:06] "GET /api/events/ HTTP/1.1" 200 299
[03/Feb/2026 06:46:06] "GET /api/registrations/ HTTP/1.1" 200 126
[03/Feb/2026 06:46:08] "POST /api/registrations/ HTTP/1.1" 201 106
[03/Feb/2026 06:46:10] "GET /api/events/ HTTP/1.1" 200 299
[03/Feb/2026 06:46:10] "GET /api/events/ HTTP/1.1" 200 299
[03/Feb/2026 06:46:12] "GET /api/tickets/ HTTP/1.1" 200 14
[03/Feb/2026 06:46:12] "GET /api/events/ HTTP/1.1" 200 299
[03/Feb/2026 06:46:12] "GET /api/registrations/ HTTP/1.1" 200 233
[03/Feb/2026 06:46:12] "GET /api/tickets/ HTTP/1.1" 200 14
[03/Feb/2026 06:46:12] "GET /api/registrations/ HTTP/1.1" 200 233
[03/Feb/2026 06:46:12] "GET /api/events/ HTTP/1.1" 200 299
[03/Feb/2026 06:49:04] "GET /api/registrations/ HTTP/1.1" 200 233
[03/Feb/2026 06:49:04] "GET /api/events/ HTTP/1.1" 200 299
[03/Feb/2026 06:49:04] "GET /api/events/ HTTP/1.1" 200 299
[03/Feb/2026 06:49:04] "GET /api/registrations/ HTTP/1.1" 200 233
[03/Feb/2026 06:49:06] "GET /api/events/ HTTP/1.1" 200 299
[03/Feb/2026 06:49:06] "GET /api/events/ HTTP/1.1" 200 299
[03/Feb/2026 06:49:18] "POST /api/users/login/ HTTP/1.1" 200 109
[03/Feb/2026 06:49:19] "GET /api/tickets/ HTTP/1.1" 200 14
[03/Feb/2026 06:49:19] "GET /api/users/ HTTP/1.1" 200 232
[03/Feb/2026 06:49:19] "GET /api/registrations/ HTTP/1.1" 200 233
[03/Feb/2026 06:49:19] "GET /api/events/ HTTP/1.1" 200 299
[03/Feb/2026 06:49:19] "GET /api/tickets/ HTTP/1.1" 200 14
[03/Feb/2026 06:49:19] "GET /api/events/ HTTP/1.1" 200 299
[03/Feb/2026 06:49:19] "GET /api/users/ HTTP/1.1" 200 232
[03/Feb/2026 06:49:19] "GET /api/registrations/ HTTP/1.1" 200 233
[03/Feb/2026 06:49:22] "GET /api/events/ HTTP/1.1" 200 299
[03/Feb/2026 06:49:22] "GET /api/events/ HTTP/1.1" 200 299
Performing system checks...

System check identified no issues (0 silenced).
February 03, 2026 - 06:42:16
Django version 5.2.10, using settings 'eventms_backend.settings'
Starting development server at http://127.0.0.1:8000/
Quit the server with CONTROL-C.

WARNING: This is a development server. Do not use it in a production setting. Use a production WSGI or ASGI server instead.
For more information on production servers see: https://docs.djangoproject.com/en/5.2/howto/deployment/
Traceback (most recent call last):
  File "/mnt/d/github/eventms/backend/manage.py", line 16, in <module>
    main()
  File "/mnt/d/github/eventms/backend/manage.py", line 13, in main
    execute_from_command_line(sys.argv)
  File "/mnt/d/github/eventms/backend/venv/lib/python3.10/site-packages/django/core/management/__init__.py", line 442, in execute_from_command_line
    utility.execute()
  File "/mnt/d/github/eventms/backend/venv/lib/python3.10/site-packages/django/core/management/__init__.py", line 436, in execute
    self.fetch_command(subcommand).run_from_argv(self.argv)
  File "/mnt/d/github/eventms/backend/venv/lib/python3.10/site-packages/django/core/management/base.py", line 420, in run_from_argv
    self.execute(*args, **cmd_options)
  File "/mnt/d/github/eventms/backend/venv/lib/python3.10/site-packages/django/core/management/commands/runserver.py", line 69, in execute
    super().execute(*args, **options)
  File "/mnt/d/github/eventms/backend/venv/lib/python3.10/site-packages/django/core/management/base.py", line 464, in execute
    output = self.handle(*args, **options)
  File "/mnt/d/github/eventms/backend/venv/lib/python3.10/site-packages/django/core/management/commands/runserver.py", line 110, in handle
    self.run(**options)
  File "/mnt/d/github/eventms/backend/venv/lib/python3.10/site-packages/django/core/management/commands/runserver.py", line 117, in run
    autoreload.run_with_reloader(self.inner_run, **options)
  File "/mnt/d/github/eventms/backend/venv/lib/python3.10/site-packages/django/utils/autoreload.py", line 670, in run_with_reloader
    start_django(reloader, main_func, *args, **kwargs)
  File "/mnt/d/github/eventms/backend/venv/lib/python3.10/site-packages/django/utils/autoreload.py", line 659, in start_django
    reloader.run(django_main_thread)
  File "/mnt/d/github/eventms/backend/venv/lib/python3.10/site-packages/django/utils/autoreload.py", line 343, in run
    self.run_loop()
  File "/mnt/d/github/eventms/backend/venv/lib/python3.10/site-packages/django/utils/autoreload.py", line 349, in run_loop
    next(ticker)
  File "/mnt/d/github/eventms/backend/venv/lib/python3.10/site-packages/django/utils/autoreload.py", line 389, in tick
    for filepath, mtime in self.snapshot_files():
  File "/mnt/d/github/eventms/backend/venv/lib/python3.10/site-packages/django/utils/autoreload.py", line 410, in snapshot_files
    for file in self.watched_files():
  File "/mnt/d/github/eventms/backend/venv/lib/python3.10/site-packages/django/utils/autoreload.py", line 308, in watched_files
    yield from directory.glob(pattern)
  File "/usr/lib/python3.10/pathlib.py", line 1034, in glob
    for p in selector.select_from(self):
  File "/usr/lib/python3.10/pathlib.py", line 493, in _select_from
    for p in successor_select(starting_point, is_dir, exists, scandir):
  File "/usr/lib/python3.10/pathlib.py", line 441, in _select_from
    entries = list(scandir_it)
OSError: [Errno 12] Cannot allocate memory: '/mnt/d/github/eventms/backend/venv/lib/python3.10/site-packages/rest_framework/locale/mk/LC_MESSAGES'
